  Game.cpp
C:\Users\Usuario\Downloads\desarrollo_pa_parte_4b_20241024\desarrollopa_3\desarrollopa\Color.h(11,15): warning C4305: 'inicializando': truncamiento de 'double' a 'float'
  (compilando archivo de origen "Game.cpp")
  
C:\Users\Usuario\Downloads\desarrollo_pa_parte_4b_20241024\desarrollopa_3\desarrollopa\Color.h(11,27): warning C4305: 'inicializando': truncamiento de 'double' a 'float'
  (compilando archivo de origen "Game.cpp")
  
C:\Users\Usuario\Downloads\desarrollo_pa_parte_4b_20241024\desarrollopa_3\desarrollopa\Color.h(11,38): warning C4305: 'inicializando': truncamiento de 'double' a 'float'
  (compilando archivo de origen "Game.cpp")
  
C:\Users\Usuario\Downloads\desarrollo_pa_parte_4b_20241024\desarrollopa_3\desarrollopa\Color.h(12,8): warning C4305: 'inicializando': truncamiento de 'double' a 'float'
  (compilando archivo de origen "Game.cpp")
  
C:\Users\Usuario\Downloads\desarrollo_pa_parte_4b_20241024\desarrollopa_3\desarrollopa\Solid.h(16,25): warning C4305: 'argumento': truncamiento de 'double' a 'float'
  (compilando archivo de origen "Game.cpp")
  
C:\Users\Usuario\Downloads\desarrollo_pa_parte_4b_20241024\desarrollopa_3\desarrollopa\Solid.h(16,20): warning C4305: 'argumento': truncamiento de 'double' a 'float'
  (compilando archivo de origen "Game.cpp")
  
C:\Users\Usuario\Downloads\desarrollo_pa_parte_4b_20241024\desarrollopa_3\desarrollopa\Solid.h(16,15): warning C4305: 'argumento': truncamiento de 'double' a 'float'
  (compilando archivo de origen "Game.cpp")
  
C:\Users\Usuario\Downloads\desarrollo_pa_parte_4b_20241024\desarrollopa_3\desarrollopa\Teapot.h(12,17): warning C4305: 'inicializando': truncamiento de 'double' a 'float'
  (compilando archivo de origen "Game.cpp")
  
C:\Users\Usuario\Downloads\desarrollo_pa_parte_4b_20241024\desarrollopa_3\desarrollopa\Sphere.h(15,19): warning C4305: 'inicializando': truncamiento de 'double' a 'float'
  (compilando archivo de origen "Game.cpp")
  
C:\Users\Usuario\Downloads\desarrollo_pa_parte_4b_20241024\desarrollopa_3\desarrollopa\Cuboid.h(15,28): warning C4305: 'inicializando': truncamiento de 'double' a 'float'
  (compilando archivo de origen "Game.cpp")
  
C:\Users\Usuario\Downloads\desarrollo_pa_parte_4b_20241024\desarrollopa_3\desarrollopa\Cuboid.h(15,41): warning C4305: 'inicializando': truncamiento de 'double' a 'float'
  (compilando archivo de origen "Game.cpp")
  
C:\Users\Usuario\Downloads\desarrollo_pa_parte_4b_20241024\desarrollopa_3\desarrollopa\Torus.h(14,24): warning C4305: 'inicializando': truncamiento de 'double' a 'float'
  (compilando archivo de origen "Game.cpp")
  
C:\Users\Usuario\Downloads\desarrollo_pa_parte_4b_20241024\desarrollopa_3\desarrollopa\Torus.h(14,45): warning C4305: 'inicializando': truncamiento de 'double' a 'float'
  (compilando archivo de origen "Game.cpp")
  
C:\Users\Usuario\Downloads\desarrollo_pa_parte_4b_20241024\desarrollopa_3\desarrollopa\Cylinder.h(14,28): warning C4305: 'inicializando': truncamiento de 'double' a 'float'
  (compilando archivo de origen "Game.cpp")
  
C:\Users\Usuario\Downloads\desarrollo_pa_parte_4b_20241024\desarrollopa_3\desarrollopa\Cylinder.h(14,45): warning C4305: 'inicializando': truncamiento de 'double' a 'float'
  (compilando archivo de origen "Game.cpp")
  
C:\Users\Usuario\Downloads\desarrollo_pa_parte_4b_20241024\desarrollopa_3\desarrollopa\Cylinder.h(14,59): warning C4305: 'inicializando': truncamiento de 'double' a 'float'
  (compilando archivo de origen "Game.cpp")
  
C:\Users\Usuario\Downloads\desarrollo_pa_parte_4b_20241024\desarrollopa_3\desarrollopa\Game.cpp(11,48): warning C4305: 'argumento': truncamiento de 'double' a 'float'
C:\Users\Usuario\Downloads\desarrollo_pa_parte_4b_20241024\desarrollopa_3\desarrollopa\Game.cpp(11,38): warning C4305: 'argumento': truncamiento de 'double' a 'float'
  desarrollopa.vcxproj -> C:\Users\Usuario\Downloads\desarrollo_pa_parte_4b_20241024\desarrollopa_3\x64\Debug\desarrollopa.exe
